Loading plugins phase: Elapsed time ==> 0s.212ms
Initializing data phase: Elapsed time ==> 0s.000ms
<CYPRESSTAG name="CyDsfit arguments...">
cydsfit arguments: -.fdsnotice -.fdswarpdepfile=warp_dependencies.txt -.fdselabdepfile=elab_dependencies.txt -.fdsbldfile=generated_files.txt -p X:\Dokumente\Ole\Motor\Motor\Motor.cydsn\Motor.cyprj -d CY8C4125AXI-483 -s X:\Dokumente\Ole\Motor\Motor\Motor.cydsn\Generated_Source\PSoC4 -- -yv2 -q10 -ygs -o2 -v3 -.fftcfgtype=LE</CYPRESSTAG>
<CYPRESSTAG name="Design elaboration results...">
ADD: pft.M0111: information: One or more rows of flash have been configured to be protected; however, debugging has been enabled in the System DWR Editor. This means that while write restrictions are honored flash rows can still be read via SWD or JTAG. To prevent any ability to read the flash rows, disable debugging in the System DWR Editor.
 * X:\Dokumente\Ole\Motor\Motor\Motor.cydsn\Motor.cydwr (Chip Protection)

</CYPRESSTAG>
Elaboration phase: Elapsed time ==> 3s.287ms
<CYPRESSTAG name="HDL generation results...">
</CYPRESSTAG>
HDL generation phase: Elapsed time ==> 0s.123ms
<CYPRESSTAG name="Synthesis results...">

     | | | | | | |
   _________________
  -|               |-
  -|               |-
  -|               |-
  -|    CYPRESS    |-
  -|               |-
  -|               |-   Warp Verilog Synthesis Compiler: Version 6.3 IR 41
  -|               |-   Copyright (C) 1991-2001 Cypress Semiconductor
   |_______________|
     | | | | | | |

======================================================================
Compiling:  Motor.v
Program  :   C:\Program Files (x86)\Cypress\PSoC Creator\3.1\PSoC Creator\warp\bin/warp.exe
Options  :    -yv2 -q10 -ygs -o2 -v3 -.fftcfgtype=LE -ya -.fftprj=X:\Dokumente\Ole\Motor\Motor\Motor.cydsn\Motor.cyprj -dcpsoc3 Motor.v -verilog
======================================================================

======================================================================
Compiling:  Motor.v
Program  :   C:\Program Files (x86)\Cypress\PSoC Creator\3.1\PSoC Creator\warp\bin/warp.exe
Options  :    -yv2 -q10 -ygs -o2 -v3 -.fftcfgtype=LE -ya -.fftprj=X:\Dokumente\Ole\Motor\Motor\Motor.cydsn\Motor.cyprj -dcpsoc3 Motor.v -verilog
======================================================================

======================================================================
Compiling:  Motor.v
Program  :   vlogfe
Options  :    -yv2 -q10 -ygs -o2 -v3 -.fftcfgtype=LE -ya -.fftprj=X:\Dokumente\Ole\Motor\Motor\Motor.cydsn\Motor.cyprj -dcpsoc3 -verilog Motor.v
======================================================================

vlogfe V6.3 IR 41:  Verilog parser
Wed Apr 01 22:20:32 2015


======================================================================
Compiling:  Motor.v
Program  :   vpp
Options  :    -yv2 -q10 Motor.v
======================================================================

vpp V6.3 IR 41:  Verilog Pre-Processor
Wed Apr 01 22:20:32 2015

Flattening file 'C:\Program Files (x86)\Cypress\PSoC Creator\3.1\PSoC Creator\warp\..\psoc\content\cyprimitives\CyPrimitives.cylib\ZeroTerminal\ZeroTerminal.v'
Flattening file 'C:\Program Files (x86)\Cypress\PSoC Creator\3.1\PSoC Creator\warp\..\psoc\content\cyprimitives\CyPrimitives.cylib\cy_virtualmux_v1_0\cy_virtualmux_v1_0.v'
Flattening file 'C:\Program Files (x86)\Cypress\PSoC Creator\3.1\PSoC Creator\warp\..\psoc\content\cyprimitives\CyPrimitives.cylib\or_v1_0\or_v1_0.v'

vpp:  No errors.

Library 'work' => directory 'lcpsoc3'
General_symbol_table
General_symbol_table
Linking 'C:\Program Files (x86)\Cypress\PSoC Creator\3.1\PSoC Creator\warp\lib\common\std.vhd'.
Linking 'C:\Program Files (x86)\Cypress\PSoC Creator\3.1\PSoC Creator\warp\lib\common\cypress.vhd'.
Linking 'C:\Program Files (x86)\Cypress\PSoC Creator\3.1\PSoC Creator\warp\lib\common\work\cypress.vif'.
Linking 'C:\Program Files (x86)\Cypress\PSoC Creator\3.1\PSoC Creator\warp\lib\ieee\work\stdlogic.vif'.
Linking 'C:\Program Files (x86)\Cypress\PSoC Creator\3.1\PSoC Creator\warp\lib\common\stdlogic\lpmpkg.vif'.
Linking 'C:\Program Files (x86)\Cypress\PSoC Creator\3.1\PSoC Creator\warp\lib\common\stdlogic\rtlpkg.vif'.
Linking 'C:\Program Files (x86)\Cypress\PSoC Creator\3.1\PSoC Creator\warp\lib\common\stdlogic\mod_cnst.vif'.
Linking 'C:\Program Files (x86)\Cypress\PSoC Creator\3.1\PSoC Creator\warp\lib\common\stdlogic\mod_mthv.vif'.
Linking 'C:\Program Files (x86)\Cypress\PSoC Creator\3.1\PSoC Creator\warp\lib\common\stdlogic\mod_genv.vif'.
Using control file 'Motor.ctl'.

vlogfe:  No errors.


======================================================================
Compiling:  Motor.v
Program  :   tovif
Options  :    -yv2 -q10 -ygs -o2 -v3 -.fftcfgtype=LE -ya -.fftprj=X:\Dokumente\Ole\Motor\Motor\Motor.cydsn\Motor.cyprj -dcpsoc3 -verilog Motor.v
======================================================================

tovif V6.3 IR 41:  High-level synthesis
Wed Apr 01 22:20:32 2015

Linking 'C:\Program Files (x86)\Cypress\PSoC Creator\3.1\PSoC Creator\warp\lib\common\std.vhd'.
Linking 'C:\Program Files (x86)\Cypress\PSoC Creator\3.1\PSoC Creator\warp\lib\common\cypress.vhd'.
Linking 'C:\Program Files (x86)\Cypress\PSoC Creator\3.1\PSoC Creator\warp\lib\common\work\cypress.vif'.
Linking 'C:\Program Files (x86)\Cypress\PSoC Creator\3.1\PSoC Creator\warp\lib\ieee\work\stdlogic.vif'.
Linking 'C:\Program Files (x86)\Cypress\PSoC Creator\3.1\PSoC Creator\warp\lib\common\stdlogic\lpmpkg.vif'.
Linking 'C:\Program Files (x86)\Cypress\PSoC Creator\3.1\PSoC Creator\warp\lib\common\stdlogic\rtlpkg.vif'.
Linking 'C:\Program Files (x86)\Cypress\PSoC Creator\3.1\PSoC Creator\warp\lib\common\stdlogic\mod_cnst.vif'.
Linking 'C:\Program Files (x86)\Cypress\PSoC Creator\3.1\PSoC Creator\warp\lib\common\stdlogic\mod_mthv.vif'.
Linking 'C:\Program Files (x86)\Cypress\PSoC Creator\3.1\PSoC Creator\warp\lib\common\stdlogic\mod_genv.vif'.
Linking 'X:\Dokumente\Ole\Motor\Motor\Motor.cydsn\codegentemp\Motor.ctl'.
Linking 'C:\Program Files (x86)\Cypress\PSoC Creator\3.1\PSoC Creator\psoc\content\cyprimitives\CyPrimitives.cylib\ZeroTerminal\ZeroTerminal.v'.
Linking 'X:\Dokumente\Ole\Motor\Motor\Motor.cydsn\codegentemp\Motor.v'.
Linking 'C:\Program Files (x86)\Cypress\PSoC Creator\3.1\PSoC Creator\psoc\content\cyprimitives\CyPrimitives.cylib\cy_virtualmux_v1_0\cy_virtualmux_v1_0.v'.
Linking 'C:\Program Files (x86)\Cypress\PSoC Creator\3.1\PSoC Creator\psoc\content\cyprimitives\CyPrimitives.cylib\or_v1_0\or_v1_0.v'.

tovif:  No errors.


======================================================================
Compiling:  Motor.v
Program  :   topld
Options  :    -yv2 -q10 -ygs -o2 -v3 -.fftcfgtype=LE -ya -.fftprj=X:\Dokumente\Ole\Motor\Motor\Motor.cydsn\Motor.cyprj -dcpsoc3 -verilog Motor.v
======================================================================

topld V6.3 IR 41:  Synthesis and optimization
Wed Apr 01 22:20:33 2015

Linking 'C:\Program Files (x86)\Cypress\PSoC Creator\3.1\PSoC Creator\warp\lib\common\std.vhd'.
Linking 'C:\Program Files (x86)\Cypress\PSoC Creator\3.1\PSoC Creator\warp\lib\common\cypress.vhd'.
Linking 'C:\Program Files (x86)\Cypress\PSoC Creator\3.1\PSoC Creator\warp\lib\common\work\cypress.vif'.
Linking 'C:\Program Files (x86)\Cypress\PSoC Creator\3.1\PSoC Creator\warp\lib\ieee\work\stdlogic.vif'.
Linking 'C:\Program Files (x86)\Cypress\PSoC Creator\3.1\PSoC Creator\warp\lib\common\stdlogic\lpmpkg.vif'.
Linking 'C:\Program Files (x86)\Cypress\PSoC Creator\3.1\PSoC Creator\warp\lib\common\stdlogic\rtlpkg.vif'.
Linking 'C:\Program Files (x86)\Cypress\PSoC Creator\3.1\PSoC Creator\warp\lib\common\stdlogic\mod_cnst.vif'.
Linking 'C:\Program Files (x86)\Cypress\PSoC Creator\3.1\PSoC Creator\warp\lib\common\stdlogic\mod_mthv.vif'.
Linking 'C:\Program Files (x86)\Cypress\PSoC Creator\3.1\PSoC Creator\warp\lib\common\stdlogic\mod_genv.vif'.
Linking 'X:\Dokumente\Ole\Motor\Motor\Motor.cydsn\codegentemp\Motor.ctl'.
Linking 'C:\Program Files (x86)\Cypress\PSoC Creator\3.1\PSoC Creator\psoc\content\cyprimitives\CyPrimitives.cylib\ZeroTerminal\ZeroTerminal.v'.
Linking 'X:\Dokumente\Ole\Motor\Motor\Motor.cydsn\codegentemp\Motor.v'.
Linking 'C:\Program Files (x86)\Cypress\PSoC Creator\3.1\PSoC Creator\psoc\content\cyprimitives\CyPrimitives.cylib\cy_virtualmux_v1_0\cy_virtualmux_v1_0.v'.
Linking 'C:\Program Files (x86)\Cypress\PSoC Creator\3.1\PSoC Creator\psoc\content\cyprimitives\CyPrimitives.cylib\or_v1_0\or_v1_0.v'.
Linking 'C:\Program Files (x86)\Cypress\PSoC Creator\3.1\PSoC Creator\warp\lib\lcpsoc3\stdlogic\cpsoc3.vif'.

----------------------------------------------------------
Detecting unused logic.
----------------------------------------------------------
    User names
	\UART_1:Net_452\
	\UART_1:Net_682\
	\UART_1:uncfg_rx_irq\
	\UART_1:Net_754\
	\UART_1:Net_767\
	\UART_1:Net_547\
	\UART_1:Net_891\
	\UART_1:Net_474\
	\UART_1:Net_899\


Deleted 9 User equations/components.
Deleted 0 Synthesized equations/components.

------------------------------------------------------
Alias Detection
------------------------------------------------------
Aliasing \UART_1:Net_676\ to \UART_1:Net_459\
Aliasing \UART_1:Net_245\ to \UART_1:Net_459\
Aliasing \UART_1:Net_416\ to \UART_1:Net_459\
Aliasing zero to \UART_1:Net_459\
Aliasing one to \UART_1:tmpOE__tx_net_0\
Aliasing \UART_1:tmpOE__rx_net_0\ to \UART_1:tmpOE__tx_net_0\
Aliasing \UART_1:Net_747\ to \UART_1:Net_459\
Aliasing \PWM_1:Net_75\ to \UART_1:Net_459\
Aliasing \PWM_1:Net_69\ to \UART_1:tmpOE__tx_net_0\
Aliasing \PWM_1:Net_66\ to \UART_1:Net_459\
Aliasing \PWM_1:Net_82\ to \UART_1:Net_459\
Aliasing \PWM_1:Net_72\ to \UART_1:Net_459\
Aliasing tmpOE__Pin_1_2_net_0 to \UART_1:tmpOE__tx_net_0\
Aliasing tmpOE__Pin_1_0_net_0 to \UART_1:tmpOE__tx_net_0\
Aliasing tmpOE__Pin_1_1_net_0 to \UART_1:tmpOE__tx_net_0\
Aliasing tmpOE__Pin_1_6_net_0 to \UART_1:tmpOE__tx_net_0\
Aliasing tmpOE__pin_button_net_0 to \UART_1:tmpOE__tx_net_0\
Aliasing \Timer_CH1:Net_81\ to \PWM_1:Net_81\
Aliasing \Timer_CH1:Net_69\ to \UART_1:tmpOE__tx_net_0\
Aliasing \Timer_CH1:Net_66\ to \Timer_CH1:Net_75\
Aliasing \Timer_CH1:Net_82\ to \Timer_CH1:Net_75\
Aliasing \Timer_CH1:Net_72\ to \Timer_CH1:Net_75\
Aliasing \Timer_CH2:Net_81\ to \PWM_1:Net_81\
Aliasing \Timer_CH2:Net_69\ to \UART_1:tmpOE__tx_net_0\
Aliasing \Timer_CH2:Net_66\ to \Timer_CH2:Net_75\
Aliasing \Timer_CH2:Net_82\ to \Timer_CH2:Net_75\
Aliasing \Timer_CH2:Net_72\ to \Timer_CH2:Net_75\
Aliasing tmpOE__Pin_2_7_net_0 to \UART_1:tmpOE__tx_net_0\
Aliasing tmpOE__Pin_3_0_net_0 to \UART_1:tmpOE__tx_net_0\
Aliasing \PWM_2:Net_81\ to \PWM_1:Net_81\
Aliasing \PWM_2:Net_75\ to \UART_1:Net_459\
Aliasing \PWM_2:Net_69\ to \UART_1:tmpOE__tx_net_0\
Aliasing \PWM_2:Net_66\ to \UART_1:Net_459\
Aliasing \PWM_2:Net_82\ to \UART_1:Net_459\
Aliasing \PWM_2:Net_72\ to \UART_1:Net_459\
Aliasing tmpOE__Pin_0_4_net_0 to \UART_1:tmpOE__tx_net_0\
Aliasing tmpOE__Pin_0_6_net_0 to \UART_1:tmpOE__tx_net_0\
Aliasing tmpOE__Pin_0_5_net_0 to \UART_1:tmpOE__tx_net_0\
Removing Lhs of wire \UART_1:Net_652\[3] = \UART_1:Net_459\[2]
Removing Lhs of wire \UART_1:Net_676\[5] = \UART_1:Net_459\[2]
Removing Lhs of wire \UART_1:Net_245\[6] = \UART_1:Net_459\[2]
Removing Lhs of wire \UART_1:Net_416\[7] = \UART_1:Net_459\[2]
Removing Rhs of wire \UART_1:Net_654\[8] = \UART_1:Net_379\[9]
Removing Lhs of wire \UART_1:SCBclock\[12] = \UART_1:Net_847\[1]
Removing Lhs of wire \UART_1:Net_653\[13] = \UART_1:Net_459\[2]
Removing Lhs of wire \UART_1:Net_909\[14] = \UART_1:Net_459\[2]
Removing Lhs of wire \UART_1:Net_663\[15] = \UART_1:Net_459\[2]
Removing Rhs of wire zero[22] = \UART_1:Net_459\[2]
Removing Rhs of wire one[23] = \UART_1:tmpOE__tx_net_0\[17]
Removing Lhs of wire \UART_1:tmpOE__rx_net_0\[28] = one[23]
Removing Lhs of wire \UART_1:Net_739\[32] = zero[22]
Removing Lhs of wire \UART_1:Net_747\[33] = zero[22]
Removing Lhs of wire \PWM_1:Net_81\[58] = Net_14[70]
Removing Lhs of wire \PWM_1:Net_75\[59] = zero[22]
Removing Lhs of wire \PWM_1:Net_69\[60] = one[23]
Removing Lhs of wire \PWM_1:Net_66\[61] = zero[22]
Removing Lhs of wire \PWM_1:Net_82\[62] = zero[22]
Removing Lhs of wire \PWM_1:Net_72\[63] = zero[22]
Removing Lhs of wire tmpOE__Pin_1_2_net_0[73] = one[23]
Removing Lhs of wire tmpOE__Pin_1_0_net_0[79] = one[23]
Removing Lhs of wire tmpOE__Pin_1_1_net_0[85] = one[23]
Removing Lhs of wire tmpOE__Pin_1_6_net_0[91] = one[23]
Removing Lhs of wire tmpOE__pin_button_net_0[97] = one[23]
Removing Lhs of wire \Timer_CH1:Net_81\[103] = Net_14[70]
Removing Lhs of wire \Timer_CH1:Net_75\[104] = Net_117[115]
Removing Lhs of wire \Timer_CH1:Net_69\[105] = one[23]
Removing Lhs of wire \Timer_CH1:Net_66\[106] = Net_117[115]
Removing Lhs of wire \Timer_CH1:Net_82\[107] = Net_117[115]
Removing Lhs of wire \Timer_CH1:Net_72\[108] = Net_117[115]
Removing Lhs of wire \Timer_CH2:Net_81\[117] = Net_14[70]
Removing Lhs of wire \Timer_CH2:Net_75\[118] = Net_106[129]
Removing Lhs of wire \Timer_CH2:Net_69\[119] = one[23]
Removing Lhs of wire \Timer_CH2:Net_66\[120] = Net_106[129]
Removing Lhs of wire \Timer_CH2:Net_82\[121] = Net_106[129]
Removing Lhs of wire \Timer_CH2:Net_72\[122] = Net_106[129]
Removing Lhs of wire tmpOE__Pin_2_7_net_0[131] = one[23]
Removing Lhs of wire tmpOE__Pin_3_0_net_0[136] = one[23]
Removing Lhs of wire \PWM_2:Net_81\[143] = Net_14[70]
Removing Lhs of wire \PWM_2:Net_75\[144] = zero[22]
Removing Lhs of wire \PWM_2:Net_69\[145] = one[23]
Removing Lhs of wire \PWM_2:Net_66\[146] = zero[22]
Removing Lhs of wire \PWM_2:Net_82\[147] = zero[22]
Removing Lhs of wire \PWM_2:Net_72\[148] = zero[22]
Removing Lhs of wire tmpOE__Pin_0_4_net_0[156] = one[23]
Removing Lhs of wire tmpOE__Pin_0_6_net_0[162] = one[23]
Removing Lhs of wire tmpOE__Pin_0_5_net_0[168] = one[23]

------------------------------------------------------
Aliased 0 equations, 48 wires.
------------------------------------------------------

----------------------------------------------------------
Circuit simplification
----------------------------------------------------------

Substituting virtuals - pass 1:


----------------------------------------------------------
Circuit simplification results:

	Expanded 0 signals.
	Turned 0 signals into soft nodes.
	Maximum default expansion cost was set at 3.
----------------------------------------------------------

topld:  No errors.

CYPRESS_DIR    : C:\Program Files (x86)\Cypress\PSoC Creator\3.1\PSoC Creator\warp
Warp Program   : C:\Program Files (x86)\Cypress\PSoC Creator\3.1\PSoC Creator\warp\bin/warp.exe
Warp Arguments : -yv2 -q10 -ygs -o2 -v3 -.fftcfgtype=LE -ya -.fftprj=X:\Dokumente\Ole\Motor\Motor\Motor.cydsn\Motor.cyprj -dcpsoc3 Motor.v -verilog
</CYPRESSTAG>
Warp synthesis phase: Elapsed time ==> 1s.750ms
<CYPRESSTAG name="Fitter results...">
<CYPRESSTAG name="Fitter startup details...">
cyp3fit: V3.1.0.2177, Family: PSoC3, Started at: Wednesday, 01 April 2015 22:20:33
Options: -yv2 -q10 -ygs -o2 -v3 -.fftcfgtype=LE -ya -.fftprj=X:\Dokumente\Ole\Motor\Motor\Motor.cydsn\Motor.cyprj -d CY8C4125AXI-483 Motor.v -verilog
</CYPRESSTAG>
<CYPRESSTAG name="Design parsing">
Design parsing phase: Elapsed time ==> 0s.028ms
</CYPRESSTAG>
<CYPRESSTAG name="Tech mapping">
<CYPRESSTAG name="Initial Mapping" icon="FILE_RPT_TECHM">
<CYPRESSTAG name="Global Clock Selection" icon="FILE_RPT_TECHM">
    Fixed Function Clock 2: Automatic-assigning  clock 'UART_1_SCBCLK'. Signal=\UART_1:Net_847_ff2\
    Fixed Function Clock 8: Automatic-assigning  clock 'Clock_1'. Signal=Net_14_ff8
    Fixed Function Clock 9: Automatic-assigning  clock 'Clock_1'. Signal=Net_14_ff9
    Fixed Function Clock 10: Automatic-assigning  clock 'Clock_1'. Signal=Net_14_ff10
    Fixed Function Clock 11: Automatic-assigning  clock 'Clock_1'. Signal=Net_14_ff11
<CYPRESSTAG name="UDB Clock/Enable Remapping Results">
</CYPRESSTAG>
</CYPRESSTAG>

Removing unused cells resulting from optimization
Done removing unused cells.
<CYPRESSTAG name="Duplicate Macrocell detection">
</CYPRESSTAG>
</CYPRESSTAG>
<CYPRESSTAG name="Duplicate Macrocell detection">
</CYPRESSTAG>
<CYPRESSTAG name="Design Equations" icon="FILE_RPT_EQUATION">

------------------------------------------------------------
Design Equations
------------------------------------------------------------
    <CYPRESSTAG name="Pin listing">

    ------------------------------------------------------------
    Pin listing
    ------------------------------------------------------------

    Pin : Name = Pin_0_4(0)
        Attributes:
            In Group/Port: True
            In Sync Option: AUTO
            Out Sync Option: NOSYNC
            Interrupt generated: False
            Interrupt mode: NONE
            Drive mode: CMOS_OUT
            VTrip: EITHER
            Slew: FAST
            Input Sync needed: False
            Output Sync needed: False
            SC shield enabled: False
            POR State: ANY
            LCD Mode: COMMON
            Register Mode: RegComb
            CaSense Mode: NEITHER
            Treat as pin: True
            Is OE Registered: False
            Uses Analog: False
            Can contain Digital: True
            Is SIO: False
            SIO Output Buf: NONREGULATED
            SIO Input Buf: SINGLE_ENDED
            SIO HiFreq: LOW
            SIO Hyst: DISABLED
            SIO Vtrip: MULTIPLIER_0_5
            SIO RefSel: VCC_IO
            Required Capabilitites: DIGITAL, TCPWM_P
            Initial Value: 1
            IO Voltage: 0
        PORT MAP (
            pa_out => Pin_0_4(0)__PA ,
            input => Net_136 ,
            pad => Pin_0_4(0)_PAD );
        Properties:
        {
        }

    Pin : Name = Pin_0_5(0)
        Attributes:
            In Group/Port: True
            In Sync Option: AUTO
            Out Sync Option: NOSYNC
            Interrupt generated: False
            Interrupt mode: NONE
            Drive mode: CMOS_OUT
            VTrip: EITHER
            Slew: FAST
            Input Sync needed: False
            Output Sync needed: False
            SC shield enabled: False
            POR State: ANY
            LCD Mode: COMMON
            Register Mode: RegComb
            CaSense Mode: NEITHER
            Treat as pin: True
            Is OE Registered: False
            Uses Analog: False
            Can contain Digital: True
            Is SIO: False
            SIO Output Buf: NONREGULATED
            SIO Input Buf: SINGLE_ENDED
            SIO HiFreq: LOW
            SIO Hyst: DISABLED
            SIO Vtrip: MULTIPLIER_0_5
            SIO RefSel: VCC_IO
            Required Capabilitites: DIGITAL
            Initial Value: 0
            IO Voltage: 0
        PORT MAP (
            pa_out => Pin_0_5(0)__PA ,
            pad => Pin_0_5(0)_PAD );
        Properties:
        {
        }

    Pin : Name = Pin_0_6(0)
        Attributes:
            In Group/Port: True
            In Sync Option: AUTO
            Out Sync Option: NOSYNC
            Interrupt generated: False
            Interrupt mode: NONE
            Drive mode: CMOS_OUT
            VTrip: EITHER
            Slew: FAST
            Input Sync needed: False
            Output Sync needed: False
            SC shield enabled: False
            POR State: ANY
            LCD Mode: COMMON
            Register Mode: RegComb
            CaSense Mode: NEITHER
            Treat as pin: True
            Is OE Registered: False
            Uses Analog: False
            Can contain Digital: True
            Is SIO: False
            SIO Output Buf: NONREGULATED
            SIO Input Buf: SINGLE_ENDED
            SIO HiFreq: LOW
            SIO Hyst: DISABLED
            SIO Vtrip: MULTIPLIER_0_5
            SIO RefSel: VCC_IO
            Required Capabilitites: DIGITAL
            Initial Value: 0
            IO Voltage: 0
        PORT MAP (
            pa_out => Pin_0_6(0)__PA ,
            pad => Pin_0_6(0)_PAD );
        Properties:
        {
        }

    Pin : Name = Pin_1_0(0)
        Attributes:
            In Group/Port: True
            In Sync Option: AUTO
            Out Sync Option: NOSYNC
            Interrupt generated: False
            Interrupt mode: NONE
            Drive mode: CMOS_OUT
            VTrip: EITHER
            Slew: FAST
            Input Sync needed: False
            Output Sync needed: False
            SC shield enabled: False
            POR State: ANY
            LCD Mode: COMMON
            Register Mode: RegComb
            CaSense Mode: NEITHER
            Treat as pin: True
            Is OE Registered: False
            Uses Analog: False
            Can contain Digital: True
            Is SIO: False
            SIO Output Buf: NONREGULATED
            SIO Input Buf: SINGLE_ENDED
            SIO HiFreq: LOW
            SIO Hyst: DISABLED
            SIO Vtrip: MULTIPLIER_0_5
            SIO RefSel: VCC_IO
            Required Capabilitites: DIGITAL
            Initial Value: 0
            IO Voltage: 0
        PORT MAP (
            pa_out => Pin_1_0(0)__PA ,
            pad => Pin_1_0(0)_PAD );
        Properties:
        {
        }

    Pin : Name = Pin_1_1(0)
        Attributes:
            In Group/Port: True
            In Sync Option: AUTO
            Out Sync Option: NOSYNC
            Interrupt generated: False
            Interrupt mode: NONE
            Drive mode: CMOS_OUT
            VTrip: EITHER
            Slew: FAST
            Input Sync needed: False
            Output Sync needed: False
            SC shield enabled: False
            POR State: ANY
            LCD Mode: COMMON
            Register Mode: RegComb
            CaSense Mode: NEITHER
            Treat as pin: True
            Is OE Registered: False
            Uses Analog: False
            Can contain Digital: True
            Is SIO: False
            SIO Output Buf: NONREGULATED
            SIO Input Buf: SINGLE_ENDED
            SIO HiFreq: LOW
            SIO Hyst: DISABLED
            SIO Vtrip: MULTIPLIER_0_5
            SIO RefSel: VCC_IO
            Required Capabilitites: DIGITAL
            Initial Value: 0
            IO Voltage: 0
        PORT MAP (
            pa_out => Pin_1_1(0)__PA ,
            pad => Pin_1_1(0)_PAD );
        Properties:
        {
        }

    Pin : Name = Pin_1_2(0)
        Attributes:
            In Group/Port: True
            In Sync Option: AUTO
            Out Sync Option: NOSYNC
            Interrupt generated: False
            Interrupt mode: NONE
            Drive mode: CMOS_OUT
            VTrip: EITHER
            Slew: FAST
            Input Sync needed: False
            Output Sync needed: False
            SC shield enabled: False
            POR State: ANY
            LCD Mode: COMMON
            Register Mode: RegComb
            CaSense Mode: NEITHER
            Treat as pin: True
            Is OE Registered: False
            Uses Analog: False
            Can contain Digital: True
            Is SIO: False
            SIO Output Buf: NONREGULATED
            SIO Input Buf: SINGLE_ENDED
            SIO HiFreq: LOW
            SIO Hyst: DISABLED
            SIO Vtrip: MULTIPLIER_0_5
            SIO RefSel: VCC_IO
            Required Capabilitites: DIGITAL, TCPWM_P
            Initial Value: 1
            IO Voltage: 0
        PORT MAP (
            pa_out => Pin_1_2(0)__PA ,
            input => Net_29 ,
            pad => Pin_1_2(0)_PAD );
        Properties:
        {
        }

    Pin : Name = Pin_1_6(0)
        Attributes:
            In Group/Port: True
            In Sync Option: AUTO
            Out Sync Option: NOSYNC
            Interrupt generated: False
            Interrupt mode: NONE
            Drive mode: CMOS_OUT
            VTrip: EITHER
            Slew: FAST
            Input Sync needed: False
            Output Sync needed: False
            SC shield enabled: False
            POR State: ANY
            LCD Mode: COMMON
            Register Mode: RegComb
            CaSense Mode: NEITHER
            Treat as pin: True
            Is OE Registered: False
            Uses Analog: False
            Can contain Digital: True
            Is SIO: False
            SIO Output Buf: NONREGULATED
            SIO Input Buf: SINGLE_ENDED
            SIO HiFreq: LOW
            SIO Hyst: DISABLED
            SIO Vtrip: MULTIPLIER_0_5
            SIO RefSel: VCC_IO
            Required Capabilitites: DIGITAL, TCPWM_P
            Initial Value: 1
            IO Voltage: 0
        PORT MAP (
            pa_out => Pin_1_6(0)__PA ,
            input => Net_29 ,
            pad => Pin_1_6(0)_PAD );
        Properties:
        {
        }

    Pin : Name = Pin_2_7(0)
        Attributes:
            In Group/Port: True
            In Sync Option: SYNC
            Out Sync Option: AUTO
            Interrupt generated: False
            Interrupt mode: NONE
            Drive mode: RES_PULL_UP
            VTrip: CMOS
            Slew: FAST
            Input Sync needed: True
            Output Sync needed: False
            SC shield enabled: False
            POR State: ANY
            LCD Mode: COMMON
            Register Mode: RegComb
            CaSense Mode: NEITHER
            Treat as pin: True
            Is OE Registered: False
            Uses Analog: False
            Can contain Digital: True
            Is SIO: False
            SIO Output Buf: NONREGULATED
            SIO Input Buf: SINGLE_ENDED
            SIO HiFreq: LOW
            SIO Hyst: DISABLED
            SIO Vtrip: MULTIPLIER_0_5
            SIO RefSel: VCC_IO
            Required Capabilitites: DIGITAL, ROUTABLE
            Initial Value: 1
            IO Voltage: 0
        PORT MAP (
            pa_out => Pin_2_7(0)__PA ,
            fb => Net_117 ,
            pad => Pin_2_7(0)_PAD );
        Properties:
        {
        }

    Pin : Name = Pin_3_0(0)
        Attributes:
            In Group/Port: True
            In Sync Option: SYNC
            Out Sync Option: AUTO
            Interrupt generated: False
            Interrupt mode: NONE
            Drive mode: RES_PULL_UP
            VTrip: CMOS
            Slew: FAST
            Input Sync needed: True
            Output Sync needed: False
            SC shield enabled: False
            POR State: ANY
            LCD Mode: COMMON
            Register Mode: RegComb
            CaSense Mode: NEITHER
            Treat as pin: True
            Is OE Registered: False
            Uses Analog: False
            Can contain Digital: True
            Is SIO: False
            SIO Output Buf: NONREGULATED
            SIO Input Buf: SINGLE_ENDED
            SIO HiFreq: LOW
            SIO Hyst: DISABLED
            SIO Vtrip: MULTIPLIER_0_5
            SIO RefSel: VCC_IO
            Required Capabilitites: DIGITAL, ROUTABLE
            Initial Value: 1
            IO Voltage: 0
        PORT MAP (
            pa_out => Pin_3_0(0)__PA ,
            fb => Net_106 ,
            pad => Pin_3_0(0)_PAD );
        Properties:
        {
        }

    Pin : Name = \UART_1:rx(0)\
        Attributes:
            In Group/Port: True
            In Sync Option: NOSYNC
            Out Sync Option: AUTO
            Interrupt generated: False
            Interrupt mode: NONE
            Drive mode: HI_Z_DIGITAL
            VTrip: CMOS
            Slew: FAST
            Input Sync needed: False
            Output Sync needed: False
            SC shield enabled: False
            POR State: ANY
            LCD Mode: COMMON
            Register Mode: RegComb
            CaSense Mode: NEITHER
            Treat as pin: True
            Is OE Registered: False
            Uses Analog: False
            Can contain Digital: True
            Is SIO: False
            SIO Output Buf: NONREGULATED
            SIO Input Buf: SINGLE_ENDED
            SIO HiFreq: LOW
            SIO Hyst: DISABLED
            SIO Vtrip: MULTIPLIER_0_5
            SIO RefSel: VCC_IO
            Required Capabilitites: DIGITAL, SCB_UART_RX
            Initial Value: 0
            IO Voltage: 0
        PORT MAP (
            pa_out => \UART_1:rx(0)\__PA ,
            fb => \UART_1:Net_654\ ,
            pad => \UART_1:rx(0)_PAD\ );
        Properties:
        {
        }

    Pin : Name = \UART_1:tx(0)\
        Attributes:
            In Group/Port: True
            In Sync Option: NOSYNC
            Out Sync Option: NOSYNC
            Interrupt generated: False
            Interrupt mode: NONE
            Drive mode: CMOS_OUT
            VTrip: CMOS
            Slew: FAST
            Input Sync needed: False
            Output Sync needed: False
            SC shield enabled: False
            POR State: ANY
            LCD Mode: COMMON
            Register Mode: RegComb
            CaSense Mode: NEITHER
            Treat as pin: True
            Is OE Registered: False
            Uses Analog: False
            Can contain Digital: True
            Is SIO: False
            SIO Output Buf: NONREGULATED
            SIO Input Buf: SINGLE_ENDED
            SIO HiFreq: LOW
            SIO Hyst: DISABLED
            SIO Vtrip: MULTIPLIER_0_5
            SIO RefSel: VCC_IO
            Required Capabilitites: DIGITAL, SCB_UART_TX
            Initial Value: 1
            IO Voltage: 0
        PORT MAP (
            pa_out => \UART_1:tx(0)\__PA ,
            input => \UART_1:Net_656\ ,
            pad => \UART_1:tx(0)_PAD\ );
        Properties:
        {
        }

    Pin : Name = pin_button(0)
        Attributes:
            In Group/Port: True
            In Sync Option: SYNC
            Out Sync Option: AUTO
            Interrupt generated: False
            Interrupt mode: NONE
            Drive mode: RES_PULL_UP
            VTrip: CMOS
            Slew: FAST
            Input Sync needed: True
            Output Sync needed: False
            SC shield enabled: False
            POR State: ANY
            LCD Mode: COMMON
            Register Mode: RegComb
            CaSense Mode: NEITHER
            Treat as pin: True
            Is OE Registered: False
            Uses Analog: False
            Can contain Digital: True
            Is SIO: False
            SIO Output Buf: NONREGULATED
            SIO Input Buf: SINGLE_ENDED
            SIO HiFreq: LOW
            SIO Hyst: DISABLED
            SIO Vtrip: MULTIPLIER_0_5
            SIO RefSel: VCC_IO
            Required Capabilitites: DIGITAL, ROUTABLE
            Initial Value: 1
            IO Voltage: 0
        PORT MAP (
            pa_out => pin_button(0)__PA ,
            pad => pin_button(0)_PAD );
        Properties:
        {
        }
    </CYPRESSTAG>
    <CYPRESSTAG name="Macrocell listing" icon="FILE_RPT_EQUATION">
    </CYPRESSTAG>
    <CYPRESSTAG name="Datapath listing">
    </CYPRESSTAG>
    <CYPRESSTAG name="Status register listing">
    </CYPRESSTAG>
    <CYPRESSTAG name="StatusI register listing">
    </CYPRESSTAG>
    <CYPRESSTAG name="Sync listing">
    </CYPRESSTAG>
    <CYPRESSTAG name="Control register listing">
    </CYPRESSTAG>
    <CYPRESSTAG name="Count7 listing">
    </CYPRESSTAG>
    <CYPRESSTAG name="DRQ listing">
    </CYPRESSTAG>
    <CYPRESSTAG name="Interrupt listing">

    ------------------------------------------------------------
    Interrupt listing
    ------------------------------------------------------------

    interrupt: Name =isr_CH1
        PORT MAP (
            interrupt => Net_118 );
        Properties:
        {
            int_type = "10"
        }

    interrupt: Name =isr_CH2
        PORT MAP (
            interrupt => Net_107 );
        Properties:
        {
            int_type = "10"
        }
    </CYPRESSTAG>
</CYPRESSTAG>
<CYPRESSTAG name="Technology mapping summary" expanded>

------------------------------------------------------------
Technology mapping summary
------------------------------------------------------------

Resource Type                 : Used : Free :  Max :  % Used
============================================================
Digital clock dividers        :    0 :    4 :    4 :   0.00%
Pins                          :   14 :   22 :   36 :  38.89%
Interrupts                    :    2 :   30 :   32 :   6.25%
Comparator/Opamp Fixed Blocks :    0 :    2 :    2 :   0.00%
SAR Fixed Blocks              :    0 :    1 :    1 :   0.00%
CSD Fixed Blocks              :    0 :    1 :    1 :   0.00%
CapSense Blocks               :    0 :    1 :    1 :   0.00%
8-bit CapSense IDACs          :    0 :    1 :    1 :   0.00%
7-bit CapSense IDACs          :    0 :    1 :    1 :   0.00%
Temperature Sensors           :    0 :    1 :    1 :   0.00%
Low Power Comparators         :    0 :    2 :    2 :   0.00%
TCPWM Blocks                  :    4 :    0 :    4 : 100.00%
Serial Communication Blocks   :    1 :    1 :    2 :  50.00%
Segment LCD Blocks            :    0 :    1 :    1 :   0.00%
</CYPRESSTAG>
Technology Mapping: Elapsed time ==> 0s.511ms
Tech mapping phase: Elapsed time ==> 0s.544ms
</CYPRESSTAG>
<CYPRESSTAG name="Analog Placement">
<CYPRESSTAG name="Analog Placement">
Elapsed time ==> 0.0133755s
</CYPRESSTAG>
Analog Placement phase: Elapsed time ==> 0s.037ms
</CYPRESSTAG>
<CYPRESSTAG name="Analog Routing">
<CYPRESSTAG name="Analog Routing">
Route success=True, Iterations=1 Elapsed=0.0016221 secs
</CYPRESSTAG>
Analog Routing phase: Elapsed time ==> 0s.002ms
</CYPRESSTAG>
<CYPRESSTAG name="Analog Code Generation">
============ Analog Final Answer Routes ============
Dump of CyAnalogRoutingResultsDB
Map of net to items {
}
Map of item to net {
}
Mux Info {
}
Analog Code Generation phase: Elapsed time ==> 0s.181ms
</CYPRESSTAG>
<CYPRESSTAG name="Digital Placement">
<CYPRESSTAG name="Detailed placement messages">
I2659: No Constrained paths were found. The placer will run in non-timing driven mode.
I2076: Total run-time: 0.5 sec.

</CYPRESSTAG>
<CYPRESSTAG name="PLD Packing">
<CYPRESSTAG name="PLD Packing Summary">
No PLDs were packed.
</CYPRESSTAG>
PLD Packing: Elapsed time ==> 0s.001ms
</CYPRESSTAG>
<CYPRESSTAG name="Partitioning">
<CYPRESSTAG name="Initial Partitioning Summary">
Initial Partitioning Summary not displayed at this verbose level.</CYPRESSTAG>
<CYPRESSTAG name="Final Partitioning Summary">
Final Partitioning Summary not displayed at this verbose level.</CYPRESSTAG>
Partitioning: Elapsed time ==> 0s.018ms
</CYPRESSTAG>
<CYPRESSTAG name="Simulated Annealing">
Annealing: Elapsed time ==> 0s.002ms
<CYPRESSTAG name="Simulated Annealing Results">
The seed used for moves was 114161200.
Inital cost was 30, final cost is 30 (0.00% improvement).</CYPRESSTAG>
</CYPRESSTAG>
<CYPRESSTAG name="Final Placement Summary">

------------------------------------------------------------
Final Placement Summary
------------------------------------------------------------

       Resource Type :      Count : Avg Inputs : Avg Outputs
    ========================================================
                 UDB :          0 :       0.00 :       0.00
<CYPRESSTAG name="Final Placement Details">
<CYPRESSTAG name="Component Details">

------------------------------------------------------------
Component Placement Details
------------------------------------------------------------
UDB [UDB=(0,0)] is empty.
Intr hod @ [IntrHod=(0)]: 
  Intr@ [IntrHod=(0)][IntrId=(17)] 
    interrupt: Name =isr_CH2
        PORT MAP (
            interrupt => Net_107 );
        Properties:
        {
            int_type = "10"
        }
  Intr@ [IntrHod=(0)][IntrId=(19)] 
    interrupt: Name =isr_CH1
        PORT MAP (
            interrupt => Net_118 );
        Properties:
        {
            int_type = "10"
        }
Port 0 contains the following IO cells:
[IoId=4]: 
Pin : Name = Pin_0_4(0)
    Attributes:
        In Group/Port: True
        In Sync Option: AUTO
        Out Sync Option: NOSYNC
        Interrupt generated: False
        Interrupt mode: NONE
        Drive mode: CMOS_OUT
        VTrip: EITHER
        Slew: FAST
        Input Sync needed: False
        Output Sync needed: False
        SC shield enabled: False
        POR State: ANY
        LCD Mode: COMMON
        Register Mode: RegComb
        CaSense Mode: NEITHER
        Treat as pin: True
        Is OE Registered: False
        Uses Analog: False
        Can contain Digital: True
        Is SIO: False
        SIO Output Buf: NONREGULATED
        SIO Input Buf: SINGLE_ENDED
        SIO HiFreq: LOW
        SIO Hyst: DISABLED
        SIO Vtrip: MULTIPLIER_0_5
        SIO RefSel: VCC_IO
        Required Capabilitites: DIGITAL, TCPWM_P
        Initial Value: 1
        IO Voltage: 0
    PORT MAP (
        pa_out => Pin_0_4(0)__PA ,
        input => Net_136 ,
        pad => Pin_0_4(0)_PAD );
    Properties:
    {
    }

[IoId=5]: 
Pin : Name = Pin_0_5(0)
    Attributes:
        In Group/Port: True
        In Sync Option: AUTO
        Out Sync Option: NOSYNC
        Interrupt generated: False
        Interrupt mode: NONE
        Drive mode: CMOS_OUT
        VTrip: EITHER
        Slew: FAST
        Input Sync needed: False
        Output Sync needed: False
        SC shield enabled: False
        POR State: ANY
        LCD Mode: COMMON
        Register Mode: RegComb
        CaSense Mode: NEITHER
        Treat as pin: True
        Is OE Registered: False
        Uses Analog: False
        Can contain Digital: True
        Is SIO: False
        SIO Output Buf: NONREGULATED
        SIO Input Buf: SINGLE_ENDED
        SIO HiFreq: LOW
        SIO Hyst: DISABLED
        SIO Vtrip: MULTIPLIER_0_5
        SIO RefSel: VCC_IO
        Required Capabilitites: DIGITAL
        Initial Value: 0
        IO Voltage: 0
    PORT MAP (
        pa_out => Pin_0_5(0)__PA ,
        pad => Pin_0_5(0)_PAD );
    Properties:
    {
    }

[IoId=6]: 
Pin : Name = Pin_0_6(0)
    Attributes:
        In Group/Port: True
        In Sync Option: AUTO
        Out Sync Option: NOSYNC
        Interrupt generated: False
        Interrupt mode: NONE
        Drive mode: CMOS_OUT
        VTrip: EITHER
        Slew: FAST
        Input Sync needed: False
        Output Sync needed: False
        SC shield enabled: False
        POR State: ANY
        LCD Mode: COMMON
        Register Mode: RegComb
        CaSense Mode: NEITHER
        Treat as pin: True
        Is OE Registered: False
        Uses Analog: False
        Can contain Digital: True
        Is SIO: False
        SIO Output Buf: NONREGULATED
        SIO Input Buf: SINGLE_ENDED
        SIO HiFreq: LOW
        SIO Hyst: DISABLED
        SIO Vtrip: MULTIPLIER_0_5
        SIO RefSel: VCC_IO
        Required Capabilitites: DIGITAL
        Initial Value: 0
        IO Voltage: 0
    PORT MAP (
        pa_out => Pin_0_6(0)__PA ,
        pad => Pin_0_6(0)_PAD );
    Properties:
    {
    }

[IoId=7]: 
Pin : Name = pin_button(0)
    Attributes:
        In Group/Port: True
        In Sync Option: SYNC
        Out Sync Option: AUTO
        Interrupt generated: False
        Interrupt mode: NONE
        Drive mode: RES_PULL_UP
        VTrip: CMOS
        Slew: FAST
        Input Sync needed: True
        Output Sync needed: False
        SC shield enabled: False
        POR State: ANY
        LCD Mode: COMMON
        Register Mode: RegComb
        CaSense Mode: NEITHER
        Treat as pin: True
        Is OE Registered: False
        Uses Analog: False
        Can contain Digital: True
        Is SIO: False
        SIO Output Buf: NONREGULATED
        SIO Input Buf: SINGLE_ENDED
        SIO HiFreq: LOW
        SIO Hyst: DISABLED
        SIO Vtrip: MULTIPLIER_0_5
        SIO RefSel: VCC_IO
        Required Capabilitites: DIGITAL, ROUTABLE
        Initial Value: 1
        IO Voltage: 0
    PORT MAP (
        pa_out => pin_button(0)__PA ,
        pad => pin_button(0)_PAD );
    Properties:
    {
    }

Port 1 contains the following IO cells:
[IoId=0]: 
Pin : Name = Pin_1_0(0)
    Attributes:
        In Group/Port: True
        In Sync Option: AUTO
        Out Sync Option: NOSYNC
        Interrupt generated: False
        Interrupt mode: NONE
        Drive mode: CMOS_OUT
        VTrip: EITHER
        Slew: FAST
        Input Sync needed: False
        Output Sync needed: False
        SC shield enabled: False
        POR State: ANY
        LCD Mode: COMMON
        Register Mode: RegComb
        CaSense Mode: NEITHER
        Treat as pin: True
        Is OE Registered: False
        Uses Analog: False
        Can contain Digital: True
        Is SIO: False
        SIO Output Buf: NONREGULATED
        SIO Input Buf: SINGLE_ENDED
        SIO HiFreq: LOW
        SIO Hyst: DISABLED
        SIO Vtrip: MULTIPLIER_0_5
        SIO RefSel: VCC_IO
        Required Capabilitites: DIGITAL
        Initial Value: 0
        IO Voltage: 0
    PORT MAP (
        pa_out => Pin_1_0(0)__PA ,
        pad => Pin_1_0(0)_PAD );
    Properties:
    {
    }

[IoId=1]: 
Pin : Name = Pin_1_1(0)
    Attributes:
        In Group/Port: True
        In Sync Option: AUTO
        Out Sync Option: NOSYNC
        Interrupt generated: False
        Interrupt mode: NONE
        Drive mode: CMOS_OUT
        VTrip: EITHER
        Slew: FAST
        Input Sync needed: False
        Output Sync needed: False
        SC shield enabled: False
        POR State: ANY
        LCD Mode: COMMON
        Register Mode: RegComb
        CaSense Mode: NEITHER
        Treat as pin: True
        Is OE Registered: False
        Uses Analog: False
        Can contain Digital: True
        Is SIO: False
        SIO Output Buf: NONREGULATED
        SIO Input Buf: SINGLE_ENDED
        SIO HiFreq: LOW
        SIO Hyst: DISABLED
        SIO Vtrip: MULTIPLIER_0_5
        SIO RefSel: VCC_IO
        Required Capabilitites: DIGITAL
        Initial Value: 0
        IO Voltage: 0
    PORT MAP (
        pa_out => Pin_1_1(0)__PA ,
        pad => Pin_1_1(0)_PAD );
    Properties:
    {
    }

[IoId=2]: 
Pin : Name = Pin_1_2(0)
    Attributes:
        In Group/Port: True
        In Sync Option: AUTO
        Out Sync Option: NOSYNC
        Interrupt generated: False
        Interrupt mode: NONE
        Drive mode: CMOS_OUT
        VTrip: EITHER
        Slew: FAST
        Input Sync needed: False
        Output Sync needed: False
        SC shield enabled: False
        POR State: ANY
        LCD Mode: COMMON
        Register Mode: RegComb
        CaSense Mode: NEITHER
        Treat as pin: True
        Is OE Registered: False
        Uses Analog: False
        Can contain Digital: True
        Is SIO: False
        SIO Output Buf: NONREGULATED
        SIO Input Buf: SINGLE_ENDED
        SIO HiFreq: LOW
        SIO Hyst: DISABLED
        SIO Vtrip: MULTIPLIER_0_5
        SIO RefSel: VCC_IO
        Required Capabilitites: DIGITAL, TCPWM_P
        Initial Value: 1
        IO Voltage: 0
    PORT MAP (
        pa_out => Pin_1_2(0)__PA ,
        input => Net_29 ,
        pad => Pin_1_2(0)_PAD );
    Properties:
    {
    }

[IoId=6]: 
Pin : Name = Pin_1_6(0)
    Attributes:
        In Group/Port: True
        In Sync Option: AUTO
        Out Sync Option: NOSYNC
        Interrupt generated: False
        Interrupt mode: NONE
        Drive mode: CMOS_OUT
        VTrip: EITHER
        Slew: FAST
        Input Sync needed: False
        Output Sync needed: False
        SC shield enabled: False
        POR State: ANY
        LCD Mode: COMMON
        Register Mode: RegComb
        CaSense Mode: NEITHER
        Treat as pin: True
        Is OE Registered: False
        Uses Analog: False
        Can contain Digital: True
        Is SIO: False
        SIO Output Buf: NONREGULATED
        SIO Input Buf: SINGLE_ENDED
        SIO HiFreq: LOW
        SIO Hyst: DISABLED
        SIO Vtrip: MULTIPLIER_0_5
        SIO RefSel: VCC_IO
        Required Capabilitites: DIGITAL, TCPWM_P
        Initial Value: 1
        IO Voltage: 0
    PORT MAP (
        pa_out => Pin_1_6(0)__PA ,
        input => Net_29 ,
        pad => Pin_1_6(0)_PAD );
    Properties:
    {
    }

Port 2 contains the following IO cells:
[IoId=7]: 
Pin : Name = Pin_2_7(0)
    Attributes:
        In Group/Port: True
        In Sync Option: SYNC
        Out Sync Option: AUTO
        Interrupt generated: False
        Interrupt mode: NONE
        Drive mode: RES_PULL_UP
        VTrip: CMOS
        Slew: FAST
        Input Sync needed: True
        Output Sync needed: False
        SC shield enabled: False
        POR State: ANY
        LCD Mode: COMMON
        Register Mode: RegComb
        CaSense Mode: NEITHER
        Treat as pin: True
        Is OE Registered: False
        Uses Analog: False
        Can contain Digital: True
        Is SIO: False
        SIO Output Buf: NONREGULATED
        SIO Input Buf: SINGLE_ENDED
        SIO HiFreq: LOW
        SIO Hyst: DISABLED
        SIO Vtrip: MULTIPLIER_0_5
        SIO RefSel: VCC_IO
        Required Capabilitites: DIGITAL, ROUTABLE
        Initial Value: 1
        IO Voltage: 0
    PORT MAP (
        pa_out => Pin_2_7(0)__PA ,
        fb => Net_117 ,
        pad => Pin_2_7(0)_PAD );
    Properties:
    {
    }

Port 3 contains the following IO cells:
[IoId=0]: 
Pin : Name = Pin_3_0(0)
    Attributes:
        In Group/Port: True
        In Sync Option: SYNC
        Out Sync Option: AUTO
        Interrupt generated: False
        Interrupt mode: NONE
        Drive mode: RES_PULL_UP
        VTrip: CMOS
        Slew: FAST
        Input Sync needed: True
        Output Sync needed: False
        SC shield enabled: False
        POR State: ANY
        LCD Mode: COMMON
        Register Mode: RegComb
        CaSense Mode: NEITHER
        Treat as pin: True
        Is OE Registered: False
        Uses Analog: False
        Can contain Digital: True
        Is SIO: False
        SIO Output Buf: NONREGULATED
        SIO Input Buf: SINGLE_ENDED
        SIO HiFreq: LOW
        SIO Hyst: DISABLED
        SIO Vtrip: MULTIPLIER_0_5
        SIO RefSel: VCC_IO
        Required Capabilitites: DIGITAL, ROUTABLE
        Initial Value: 1
        IO Voltage: 0
    PORT MAP (
        pa_out => Pin_3_0(0)__PA ,
        fb => Net_106 ,
        pad => Pin_3_0(0)_PAD );
    Properties:
    {
    }

Port 4 contains the following IO cells:
[IoId=0]: 
Pin : Name = \UART_1:rx(0)\
    Attributes:
        In Group/Port: True
        In Sync Option: NOSYNC
        Out Sync Option: AUTO
        Interrupt generated: False
        Interrupt mode: NONE
        Drive mode: HI_Z_DIGITAL
        VTrip: CMOS
        Slew: FAST
        Input Sync needed: False
        Output Sync needed: False
        SC shield enabled: False
        POR State: ANY
        LCD Mode: COMMON
        Register Mode: RegComb
        CaSense Mode: NEITHER
        Treat as pin: True
        Is OE Registered: False
        Uses Analog: False
        Can contain Digital: True
        Is SIO: False
        SIO Output Buf: NONREGULATED
        SIO Input Buf: SINGLE_ENDED
        SIO HiFreq: LOW
        SIO Hyst: DISABLED
        SIO Vtrip: MULTIPLIER_0_5
        SIO RefSel: VCC_IO
        Required Capabilitites: DIGITAL, SCB_UART_RX
        Initial Value: 0
        IO Voltage: 0
    PORT MAP (
        pa_out => \UART_1:rx(0)\__PA ,
        fb => \UART_1:Net_654\ ,
        pad => \UART_1:rx(0)_PAD\ );
    Properties:
    {
    }

[IoId=1]: 
Pin : Name = \UART_1:tx(0)\
    Attributes:
        In Group/Port: True
        In Sync Option: NOSYNC
        Out Sync Option: NOSYNC
        Interrupt generated: False
        Interrupt mode: NONE
        Drive mode: CMOS_OUT
        VTrip: CMOS
        Slew: FAST
        Input Sync needed: False
        Output Sync needed: False
        SC shield enabled: False
        POR State: ANY
        LCD Mode: COMMON
        Register Mode: RegComb
        CaSense Mode: NEITHER
        Treat as pin: True
        Is OE Registered: False
        Uses Analog: False
        Can contain Digital: True
        Is SIO: False
        SIO Output Buf: NONREGULATED
        SIO Input Buf: SINGLE_ENDED
        SIO HiFreq: LOW
        SIO Hyst: DISABLED
        SIO Vtrip: MULTIPLIER_0_5
        SIO RefSel: VCC_IO
        Required Capabilitites: DIGITAL, SCB_UART_TX
        Initial Value: 1
        IO Voltage: 0
    PORT MAP (
        pa_out => \UART_1:tx(0)\__PA ,
        input => \UART_1:Net_656\ ,
        pad => \UART_1:tx(0)_PAD\ );
    Properties:
    {
    }

Clock group 0: 
    M0S8 Clock Block @ [FFB(Clock,0)]: 
    m0s8clockblockcell: Name =ClockBlock
        PORT MAP (
            dsi_in_0 => ClockBlock_Routed1 ,
            lfclk => ClockBlock_LFCLK ,
            ilo => ClockBlock_ILO ,
            sysclk => ClockBlock_SYSCLK ,
            ext => ClockBlock_EXTCLK ,
            imo => ClockBlock_IMO ,
            hfclk => ClockBlock_HFCLK ,
            ff_div_2 => \UART_1:Net_847_ff2\ ,
            ff_div_8 => Net_14_ff8 ,
            ff_div_9 => Net_14_ff9 ,
            ff_div_10 => Net_14_ff10 ,
            ff_div_11 => Net_14_ff11 );
        Properties:
        {
        }
PM group 0: empty
SPC group 0: empty
WDT group 0: empty
FSS group 0: empty
Low Power Comparator group 0: empty
Serial Communication Block group 0: 
    Scb Block @ [FFB(SCB,0)]: 
    m0s8scbcell: Name =\UART_1:SCB\
        PORT MAP (
            clock => \UART_1:Net_847_ff2\ ,
            interrupt => Net_1 ,
            rx => \UART_1:Net_654\ ,
            tx => \UART_1:Net_656\ ,
            rts => \UART_1:Net_751\ ,
            mosi_m => \UART_1:Net_660\ ,
            select_m_3 => \UART_1:ss_3\ ,
            select_m_2 => \UART_1:ss_2\ ,
            select_m_1 => \UART_1:ss_1\ ,
            select_m_0 => \UART_1:ss_0\ ,
            sclk_m => \UART_1:Net_687\ ,
            miso_s => \UART_1:Net_703\ ,
            tx_req => \UART_1:Net_823\ ,
            rx_req => \UART_1:Net_824\ );
        Properties:
        {
            cy_registers = ""
            scb_mode = 2
        }
CSD Fixed Block group 0: empty
8-bit CapSense IDAC group 0: empty
7-bit CapSense IDAC group 0: empty
TCPWM Block group 0: 
    Tcpwm Block @ [FFB(TCPWM,0)]: 
    m0s8tcpwmcell: Name =\PWM_1:cy_m0s8_tcpwm_1\
        PORT MAP (
            clock => Net_14_ff8 ,
            capture => zero ,
            count => one ,
            reload => zero ,
            stop => zero ,
            start => zero ,
            tr_underflow => Net_27 ,
            tr_overflow => Net_26 ,
            tr_compare_match => Net_28 ,
            line_out => Net_29 ,
            line_out_compl => Net_44 ,
            interrupt => Net_25 );
        Properties:
        {
            cy_registers = ""
        }
    Tcpwm Block @ [FFB(TCPWM,1)]: 
    m0s8tcpwmcell: Name =\Timer_CH2:cy_m0s8_tcpwm_1\
        PORT MAP (
            clock => Net_14_ff11 ,
            capture => Net_106 ,
            count => one ,
            reload => Net_106 ,
            stop => Net_106 ,
            start => Net_106 ,
            tr_underflow => Net_167 ,
            tr_overflow => Net_166 ,
            tr_compare_match => Net_168 ,
            line_out => Net_169 ,
            line_out_compl => Net_170 ,
            interrupt => Net_107 );
        Properties:
        {
            cy_registers = ""
        }
    Tcpwm Block @ [FFB(TCPWM,2)]: 
    m0s8tcpwmcell: Name =\PWM_2:cy_m0s8_tcpwm_1\
        PORT MAP (
            clock => Net_14_ff9 ,
            capture => zero ,
            count => one ,
            reload => zero ,
            stop => zero ,
            start => zero ,
            tr_underflow => Net_131 ,
            tr_overflow => Net_130 ,
            tr_compare_match => Net_132 ,
            line_out => Net_136 ,
            line_out_compl => Net_134 ,
            interrupt => Net_129 );
        Properties:
        {
            cy_registers = ""
        }
    Tcpwm Block @ [FFB(TCPWM,3)]: 
    m0s8tcpwmcell: Name =\Timer_CH1:cy_m0s8_tcpwm_1\
        PORT MAP (
            clock => Net_14_ff10 ,
            capture => Net_117 ,
            count => one ,
            reload => Net_117 ,
            stop => Net_117 ,
            start => Net_117 ,
            tr_underflow => Net_175 ,
            tr_overflow => Net_174 ,
            tr_compare_match => Net_176 ,
            line_out => Net_177 ,
            line_out_compl => Net_178 ,
            interrupt => Net_118 );
        Properties:
        {
            cy_registers = ""
        }
Comparator/Opamp Fixed Block group 0: empty
Temperature Sensor group 0: empty
SAR Fixed Block group 0: empty
Segment LCD Block group 0: empty
CLK_GEN group 0: 
    M0S8 Clock Gen Block @ [FFB(CLK_GEN,0)]: 
    m0s8clockgenblockcell: Name =ClockGenBlock
        PORT MAP (
             );
        Properties:
        {
        }
LPCOMPBLOCK group 0: empty
CTBMBLOCK group 0: empty
ANAPUMP group 0: empty
</CYPRESSTAG>
<CYPRESSTAG name="Port Configuration Details">

------------------------------------------------------------
Port Configuration report
------------------------------------------------------------
     |     |       | Interrupt |                  |                | 
Port | Pin | Fixed |      Type |       Drive Mode |           Name | Connections
-----+-----+-------+-----------+------------------+----------------+---------------------
   0 |   4 |     * |      NONE |         CMOS_OUT |     Pin_0_4(0) | In(Net_136)
     |   5 |     * |      NONE |         CMOS_OUT |     Pin_0_5(0) | 
     |   6 |     * |      NONE |         CMOS_OUT |     Pin_0_6(0) | 
     |   7 |     * |      NONE |      RES_PULL_UP |  pin_button(0) | 
-----+-----+-------+-----------+------------------+----------------+---------------------
   1 |   0 |     * |      NONE |         CMOS_OUT |     Pin_1_0(0) | 
     |   1 |     * |      NONE |         CMOS_OUT |     Pin_1_1(0) | 
     |   2 |     * |      NONE |         CMOS_OUT |     Pin_1_2(0) | In(Net_29)
     |   6 |     * |      NONE |         CMOS_OUT |     Pin_1_6(0) | In(Net_29)
-----+-----+-------+-----------+------------------+----------------+---------------------
   2 |   7 |     * |      NONE |      RES_PULL_UP |     Pin_2_7(0) | FB(Net_117)
-----+-----+-------+-----------+------------------+----------------+---------------------
   3 |   0 |     * |      NONE |      RES_PULL_UP |     Pin_3_0(0) | FB(Net_106)
-----+-----+-------+-----------+------------------+----------------+---------------------
   4 |   0 |     * |      NONE |     HI_Z_DIGITAL | \UART_1:rx(0)\ | FB(\UART_1:Net_654\)
     |   1 |     * |      NONE |         CMOS_OUT | \UART_1:tx(0)\ | In(\UART_1:Net_656\)
-----------------------------------------------------------------------------------------
</CYPRESSTAG>
</CYPRESSTAG>
</CYPRESSTAG>
Digital component placer commit/Report: Elapsed time ==> 0s.010ms
Digital Placement phase: Elapsed time ==> 1s.085ms
</CYPRESSTAG>
<CYPRESSTAG name="Digital Routing">
Routing successful.
Digital Routing phase: Elapsed time ==> 0s.809ms
</CYPRESSTAG>
<CYPRESSTAG name="Bitstream and API generation">
Bitstream and API generation phase: Elapsed time ==> 0s.380ms
</CYPRESSTAG>
<CYPRESSTAG name="Bitstream verification">
Bitstream verification phase: Elapsed time ==> 0s.062ms
</CYPRESSTAG>
<CYPRESSTAG name="Static timing analysis">
Timing report is in Motor_timing.html.
Static timing analysis phase: Elapsed time ==> 0s.434ms
</CYPRESSTAG>
<CYPRESSTAG name="Data reporting">
Data reporting phase: Elapsed time ==> 0s.000ms
</CYPRESSTAG>
<CYPRESSTAG name="Database update...">
Design database save phase: Elapsed time ==> 0s.201ms
</CYPRESSTAG>
cydsfit: Elapsed time ==> 3s.820ms
</CYPRESSTAG>
Fitter phase: Elapsed time ==> 3s.889ms
API generation phase: Elapsed time ==> 3s.240ms
Dependency generation phase: Elapsed time ==> 0s.067ms
Cleanup phase: Elapsed time ==> 0s.280ms
